{"level":"error","message":"Unhandled Rejection:"}
{"level":"error","message":"Unhandled Rejection:"}
{"level":"error"}
{"level":"error"}
{"level":"error","message":"Unhandled Rejection:"}
{"level":"error","message":"Unhandled Rejection:"}
{"level":"error","message":"Unhandled Rejection:"}
{"level":"error","message":"Unhandled Rejection:"}
{"level":"error","message":"Unhandled Rejection:"}
{"level":"error"}
{"level":"error"}
{"level":"error"}
{"level":"error"}
{"level":"error"}
{"level":"error"}
{"level":"error"}
{"level":"error","message":"Unhandled Rejection:"}
{"level":"error"}
{"level":"error","message":"Unhandled Rejection:"}
{"level":"error"}
{"level":"error","message":"Unhandled Rejection:"}
{"level":"error","message":"Unhandled Rejection:"}
{"level":"error","message":"Unhandled Rejection:"}
{"level":"error","message":"Unhandled Rejection:"}
{"level":"error","message":"Unhandled Rejection:"}
{"level":"error","message":"Unhandled Rejection:"}
{"message":"","level":"error"}
{"message":"","level":"error"}
{"message":"","level":"error"}
{"message":"Page not found","level":"error"}
{"level":"error","message":"Unhandled Rejection:"}
{"message":"Page not found","level":"error"}
{"message":"Page not found","level":"error"}
{"message":"Page not found","level":"error"}
{"message":"Page not found","level":"error"}
{"message":"Page not found","level":"error"}
{"message":"Page not found","level":"error"}
{"level":"error","message":"Unhandled Rejection:"}
{"level":"error","message":"Unhandled Rejection:"}
{"level":"error","message":"Unhandled Rejection:"}
{"level":"error","message":"Unhandled Rejection:"}
{"message":"Page not found","level":"error"}
{"message":"Page not found","level":"error"}
{"message":"Page not found","level":"error"}
{"message":"Page not found","level":"error"}
{"message":"Page not found","level":"error"}
{"message":"Page not found","level":"error"}
{"level":"error","message":"Unhandled Rejection:"}
{"level":"error","message":"Unhandled Rejection:"}
{"level":"error","message":"Unhandled Rejection:"}
{"level":"error","message":"Unhandled Rejection:"}
{"level":"error","message":"Unhandled Rejection:"}
{"level":"error","message":"Unhandled Rejection:"}
{"message":"Error: Can't find such user","level":"error"}
{"message":"Error: Can't find such user","level":"error"}
{"level":"error"}
{"level":"error"}
{"level":"error"}
{"level":"error"}
{"message":"Error: Can't find such user","level":"error"}
{"message":"Error: Can't find such user","level":"error"}
{"message":"Error: Can't find such user","level":"error"}
{"message":"Error: Can't find such user","level":"error"}
{"message":"Error: Can't find such user","level":"error"}
{"message":"Error: Can't find such user","level":"error"}
{"message":"Page not found","level":"error"}
{"message":"Error: Can't find such user","level":"error"}
{"message":"Error: Can't find such board","level":"error"}
{"message":"Error: Can't find such task","level":"error"}
{"message":"Error: Can't find such task","level":"error"}
{"message":"Error: Can't find such task","level":"error"}
{"message":"Error: Can't find such task","level":"error"}
{"message":"Error: Can't find such task","level":"error"}
{"message":"Error: Can't find such task","level":"error"}
{"message":"Error: Can't find such board","level":"error"}
{"message":"Error: Can't find such task","level":"error"}
{"message":"Error: Can't find such task","level":"error"}
{"message":"Error: Can't find such task","level":"error"}
{"message":"Error: Can't find such task","level":"error"}
{"message":"Error: Can't find such task","level":"error"}
{"message":"Error: Can't find such task","level":"error"}
{"message":"Error: Can't find such board","level":"error"}
{"message":"Error: Can't find such task","level":"error"}
{"message":"Error: Can't find such task","level":"error"}
{"message":"Error: Can't find such task","level":"error"}
{"message":"Error: Can't find such task","level":"error"}
{"message":"Error: Can't find such task","level":"error"}
{"message":"Error: Can't find such task","level":"error"}
{"message":"Error: Can't find such board","level":"error"}
{"message":"Error: Can't find such task","level":"error"}
{"message":"Error: Can't find such task","level":"error"}
{"message":"Error: Can't find such task","level":"error"}
{"message":"Error: Can't find such task","level":"error"}
{"message":"Error: Can't find such task","level":"error"}
{"message":"Error: Can't find such task","level":"error"}
{"message":"Error: Can't find such board","level":"error"}
{"message":"Error: Can't find such task","level":"error"}
{"message":"Error: Can't find such task","level":"error"}
{"message":"Error: Can't find such task","level":"error"}
{"message":"Error: Can't find such task","level":"error"}
{"message":"Error: Can't find such task","level":"error"}
{"message":"Error: Can't find such task","level":"error"}
{"message":"Error: Can't find such board","level":"error"}
{"message":"Error: Can't find such board","level":"error"}
{"message":"Error: Can't find such board","level":"error"}
{"message":"Error: Can't find such board","level":"error"}
{"message":"Error: Can't find such task","level":"error"}
{"message":"Error: Can't find such task","level":"error"}
{"message":"Error: Can't find such task","level":"error"}
{"message":"Error: Can't find such task","level":"error"}
{"message":"Error: Can't find such task","level":"error"}
{"message":"Error: Can't find such task","level":"error"}
{"message":"Error: Can't find such board","level":"error"}
{"message":"Error: Can't find such task","level":"error"}
{"message":"Error: Can't find such task","level":"error"}
{"message":"Error: Can't find such task","level":"error"}
{"message":"Error: Can't find such task","level":"error"}
{"message":"Error: Can't find such task","level":"error"}
{"message":"Error: Can't find such task","level":"error"}
{"message":"Error: Can't find such board","level":"error"}
{"message":"Error: Can't find such task","level":"error"}
{"message":"Error: Can't find such task","level":"error"}
{"message":"Error: Can't find such task","level":"error"}
{"message":"Error: Can't find such task","level":"error"}
{"message":"Error: Can't find such task","level":"error"}
{"message":"Error: Can't find such task","level":"error"}
